<?xml version="1.0" encoding="UTF-8" ?>
<testsuite tests="4" failures="0" name="model.ExampleTest" time="0.003" errors="0" skipped="0">
  <properties>
    <property name="java.runtime.name" value="Java(TM) SE Runtime Environment"/>
    <property name="sun.boot.library.path" value="/home/abi/java/jdk1.8.0_171/jre/lib/amd64"/>
    <property name="java.vm.version" value="25.171-b11"/>
    <property name="java.vm.vendor" value="Oracle Corporation"/>
    <property name="maven.multiModuleProjectDirectory" value="/home/abi/git/Nicol-de/Lorann"/>
    <property name="java.vendor.url" value="http://java.oracle.com/"/>
    <property name="path.separator" value=":"/>
    <property name="guice.disable.misplaced.annotation.check" value="true"/>
    <property name="java.vm.name" value="Java HotSpot(TM) 64-Bit Server VM"/>
    <property name="file.encoding.pkg" value="sun.io"/>
    <property name="user.country" value="FR"/>
    <property name="sun.java.launcher" value="SUN_STANDARD"/>
    <property name="sun.os.patch.level" value="unknown"/>
    <property name="java.vm.specification.name" value="Java Virtual Machine Specification"/>
    <property name="user.dir" value="/home/abi/git/Nicol-de/Lorann"/>
    <property name="java.runtime.version" value="1.8.0_171-b11"/>
    <property name="java.awt.graphicsenv" value="sun.awt.X11GraphicsEnvironment"/>
    <property name="java.endorsed.dirs" value="/home/abi/java/jdk1.8.0_171/jre/lib/endorsed"/>
    <property name="os.arch" value="amd64"/>
    <property name="java.io.tmpdir" value="/tmp"/>
    <property name="line.separator" value="
"/>
    <property name="java.vm.specification.vendor" value="Oracle Corporation"/>
    <property name="os.name" value="Linux"/>
<<<<<<< HEAD
    <property name="classworlds.conf" value="/home/abi/workspace/.metadata/.plugins/org.eclipse.m2e.launching/launches/m2conf4388428383839315051.tmp"/>
=======
    <property name="classworlds.conf" value="/home/abi/workspace/.metadata/.plugins/org.eclipse.m2e.launching/launches/m2conf5569778752008766197.tmp"/>
>>>>>>> 0ec9f5d94207ea9f2cb2b9480812f964fd780446
    <property name="sun.jnu.encoding" value="UTF-8"/>
    <property name="java.library.path" value="/usr/java/packages/lib/amd64:/usr/lib64:/lib64:/lib:/usr/lib"/>
    <property name="java.specification.name" value="Java Platform API Specification"/>
    <property name="java.class.version" value="52.0"/>
    <property name="sun.management.compiler" value="HotSpot 64-Bit Tiered Compilers"/>
    <property name="os.version" value="4.16.13-1-ARCH"/>
    <property name="user.home" value="/home/abi"/>
    <property name="user.timezone" value="Europe/Paris"/>
    <property name="java.awt.printerjob" value="sun.print.PSPrinterJob"/>
    <property name="file.encoding" value="UTF-8"/>
    <property name="java.specification.version" value="1.8"/>
    <property name="user.name" value="abi"/>
    <property name="java.class.path" value="/usr/lib/eclipse/plugins/org.eclipse.m2e.maven.runtime_1.8.3.20180227-2135/jars/plexus-classworlds-2.5.2.jar"/>
    <property name="java.vm.specification.version" value="1.8"/>
    <property name="sun.arch.data.model" value="64"/>
    <property name="java.home" value="/home/abi/java/jdk1.8.0_171/jre"/>
    <property name="sun.java.command" value="org.codehaus.plexus.classworlds.launcher.Launcher -B test"/>
    <property name="java.specification.vendor" value="Oracle Corporation"/>
    <property name="user.language" value="fr"/>
    <property name="awt.toolkit" value="sun.awt.X11.XToolkit"/>
    <property name="java.vm.info" value="mixed mode"/>
    <property name="java.version" value="1.8.0_171"/>
    <property name="java.ext.dirs" value="/home/abi/java/jdk1.8.0_171/jre/lib/ext:/usr/java/packages/lib/ext"/>
    <property name="securerandom.source" value="file:/dev/./urandom"/>
    <property name="sun.boot.class.path" value="/home/abi/java/jdk1.8.0_171/jre/lib/resources.jar:/home/abi/java/jdk1.8.0_171/jre/lib/rt.jar:/home/abi/java/jdk1.8.0_171/jre/lib/sunrsasign.jar:/home/abi/java/jdk1.8.0_171/jre/lib/jsse.jar:/home/abi/java/jdk1.8.0_171/jre/lib/jce.jar:/home/abi/java/jdk1.8.0_171/jre/lib/charsets.jar:/home/abi/java/jdk1.8.0_171/jre/lib/jfr.jar:/home/abi/java/jdk1.8.0_171/jre/classes"/>
    <property name="java.vendor" value="Oracle Corporation"/>
    <property name="maven.home" value="/home/abi/git/Nicol-de/Lorann/EMBEDDED"/>
    <property name="file.separator" value="/"/>
    <property name="java.vendor.url.bug" value="http://bugreport.sun.com/bugreport/"/>
    <property name="sun.cpu.endian" value="little"/>
    <property name="sun.io.unicode.encoding" value="UnicodeLittle"/>
    <property name="sun.cpu.isalist" value=""/>
  </properties>
  <testcase classname="model.ExampleTest" name="testGetId" time="0.003"/>
  <testcase classname="model.ExampleTest" name="testToString" time="0"/>
  <testcase classname="model.ExampleTest" name="testGetName" time="0"/>
  <testcase classname="model.ExampleTest" name="testSetName" time="0"/>
</testsuite>